1 1 1
5 5 6
1000 1000 112
202 511 144
860 534 171
297 426 144
724 415 171
604 289 144
573 34 144
558 898 179
78 971 179
622 130 144
179 956 179
311 929 179
357 54 144
466 492 142
346 13 144
128 961 179
566 370 142
198 284 128
904 169 179
884 734 179
828 653 171
759 253 171
736 917 179
966 402 179
217 807 171
75 61 116
207 885 179
516 728 171
919 725 179
607 957 179
990 792 179
60 36 113
449 871 179
490 697 145
682 654 145
953 48 179
109 429 144
118 818 171
611 68 144
90 261 128
732 180 171
990 3 179
663 564 145
528 535 124
289 174 128
513 716 171
157 371 144
844 903 179
454 558 142
738 697 171
890 241 179
998 471 179
988 542 179
776 775 153
668 828 171
81 798 171
683 512 145
64 784 171
910 208 179
293 489 144
992 642 179
742 962 179
799 1 171
655 324 145
904 486 179
206 393 144
907 604 179
90 857 171
757 276 171
36 674 145
3 634 144
258 472 144
171 320 131
786 874 179
194 617 144
953 984 143
261 937 179
187 354 144
560 500 137
232 300 128
844 988 179
853 687 171
734 448 171
934 656 179
476 533 142
563 625 132
151 58 122
790 558 171
207 4 125
902 230 179
163 208 125
587 800 171
675 488 145
495 388 142
947 376 179
953 888 174
905 649 179
248 668 145
420 840 171
750 666 171
872 632 179
176 219 120
108 634 144
482 605 142
814 925 179
681 235 145
162 878 179
552 385 142
720 320 171
739 535 171
340 729 171
809 183 171
295 852 171
220 679 145
971 274 179
288 43 128
918 717 179
373 619 142
757 197 171
234 330 144
986 479 179
644 535 137
80 854 171
310 150 128
808 280 171
427 988 179
919 309 179
471 392 134
255 624 144
457 881 179
558 466 142
963 385 179
834 596 171
584 646 132
188 255 128
958 296 179
458 985 179
649 713 171
557 278 144
635 599 132
601 556 119
944 424 179
408 403 41
401 106 144
29 339 144
953 167 179
701 592 145
388 48 144
131 156 117
97 764 171
844 485 171
269 184 128
443 658 145
285 321 131
670 190 145
826 544 171
965 49 179
257 710 171
710 410 171
893 167 179
371 512 142
92 922 179
301 567 144
942 728 179
788 175 171
66 154 122
418 631 142
278 85 128
117 274 128
65 594 144
212 491 144
866 178 171
856 368 171
773 728 153
314 291 131
658 329 145
843 622 171
113 187 125
453 309 144
281 239 123
875 531 179
299 709 171
174 983 179
35 234 128
75 42 116
421 688 145
15 245 128
234 360 144
72 876 179
422 599 142
999 374 179
914 698 179
177 187 94
579 943 179
863 122 171
424 729 171
176 276 128
130 319 131
505 58 144
965 763 179
771 298 171
112 774 171
580 574 119
10 603 144
139 745 171
903 755 179
895 172 179
949 801 179
492 594 137
220 254 128
711 86 171
836 228 171
459 713 171
952 235 179
595 814 171
453 848 171
959 833 179
587 745 171
102 903 179
798 827 135
963 755 179
310 427 144
1 905 179
991 144 179
132 76 122
841 714 153
211 127 125
261 743 171
24 843 171
939 363 179
10 890 179
837 820 135
727 502 171
128 270 128
678 233 145
418 300 144
575 301 144
21 881 179
898 559 179
198 121 125
829 369 171
138 820 171
758 624 171
60 495 144
200 489 144
501 854 171
84 436 144
768 294 171
565 191 144
633 534 137
510 233 144
230 222 71
9 584 144
528 274 144
281 895 179
748 672 171
474 9 144
452 699 145
812 488 171
889 490 179
262 675 145
676 426 145
277 367 144
298 580 144
754 900 179
474 887 179
252 210 128
123 11 119
49 593 144
848 576 171
355 944 179
300 258 123
151 806 171
277 943 179
104 994 179
62 489 144
667 351 145
505 77 144
661 431 145
608 474 142
750 722 140
302 368 144
820 411 171
732 724 140
190 346 144
830 34 171
90 249 128
714 236 171
978 909 174
125 486 144
639 134 144
538 273 144
365 268 144
876 796 179
479 459 129
179 248 128
900 409 179
664 346 145
825 408 171
585 365 142
814 725 153
534 963 179
138 749 171
564 968 179
299 69 128
804 19 171
801 116 171
26 838 171
161 775 171
45 918 179
216 386 144
675 757 171
856 168 171
519 435 142
82 45 116
