1 1 1
5 5 6
1000 1000 112
202 511 144
860 534 171
297 426 144
724 415 171
604 289 144
573 34 144
558 898 179
78 971 179
622 130 144
179 956 179
311 929 179
357 54 144
466 492 142
346 13 144
128 961 179
566 370 142
198 284 128
904 169 179
884 734 179
828 653 171
759 253 171
736 917 179
966 402 179
217 807 171
75 61 116
207 885 179
516 728 171
919 725 179
607 957 179
990 792 179
60 36 113
449 871 179
490 697 145
682 654 145
953 48 179
109 429 144
118 818 171
611 68 144
90 261 128
732 180 171
990 3 179
663 564 145
528 535 124
289 174 128
513 716 171
157 371 144
844 903 179
454 558 142
738 697 171
890 241 179
998 471 179
988 542 179
776 775 153
668 828 171
81 798 171
683 512 145
64 784 171
910 208 179
293 489 144
992 642 179
742 962 179
799 1 171
655 324 145
904 486 179
206 393 144
907 604 179
90 857 171
757 276 171
36 674 145
3 634 144
258 472 144
171 320 131
786 874 179
194 617 144
953 984 143
261 937 179
187 354 144
560 500 137
232 300 128
844 988 179
853 687 171
734 448 171
934 656 179
476 533 142
563 625 132
151 58 122
790 558 171
207 4 125
902 230 179
163 208 125
587 800 171
675 488 145
495 388 142
947 376 179
953 888 174
905 649 179
248 668 145
420 840 171
750 666 171
872 632 179
176 219 120
108 634 144
482 605 142
814 925 179
681 235 145
162 878 179
552 385 142
720 320 171
739 535 171
340 729 171
809 183 171
295 852 171
220 679 145
971 274 179
288 43 128
918 717 179
373 619 142
757 197 171
234 330 144
986 479 179
644 535 137
80 854 171
310 150 128
808 280 171
427 988 179
919 309 179
471 392 134
255 624 144
457 881 179
558 466 142
963 385 179
834 596 171
584 646 132
188 255 128
958 296 179
458 985 179
649 713 171
557 278 144
635 599 132
601 556 119
944 424 179
408 403 41
401 106 144
29 339 144
953 167 179
701 592 145
388 48 144
131 156 117
97 764 171
844 485 171
269 184 128
443 658 145
285 321 131
670 190 145
826 544 171
965 49 179
257 710 171
710 410 171
893 167 179
371 512 142
92 922 179
301 567 144
942 728 179
788 175 171
66 154 122
418 631 142
278 85 128
117 274 128
65 594 144
212 491 144
866 178 171
856 368 171
773 728 153
314 291 131
658 329 145
843 622 171
113 187 125
453 309 144
281 239 123
875 531 179
299 709 171
174 983 179
35 234 128
75 42 116
421 688 145
15 245 128
234 360 144
72 876 179
422 599 142
999 374 179
914 698 179
177 187 94
579 943 179
863 122 171
424 729 171
176 276 128
130 319 131
505 58 144
965 763 179
771 298 171
112 774 171
580 574 119
10 603 144
139 745 171
903 755 179
895 172 179
949 801 179
492 594 137
220 254 128
711 86 171
836 228 171
459 713 171
952 235 179
595 814 171
453 848 171
959 833 179
587 745 171
102 903 179
798 827 135
963 755 179
310 427 144
1 905 179
991 144 179
132 76 122
841 714 153
211 127 125
261 743 171
24 843 171
939 363 179
10 890 179
837 820 135
727 502 171
128 270 128
678 233 145
418 300 144
575 301 144
21 881 179
898 559 179
198 121 125
829 369 171
138 820 171
758 624 171
60 495 144
200 489 144
501 854 171
84 436 144
768 294 171
565 191 144
633 534 137
510 233 144
230 222 71
9 584 144
528 274 144
281 895 179
748 672 171
474 9 144
452 699 145
812 488 171
889 490 179
262 675 145
676 426 145
277 367 144
298 580 144
754 900 179
474 887 179
252 210 128
123 11 119
49 593 144
848 576 171
355 944 179
300 258 123
151 806 171
277 943 179
104 994 179
62 489 144
667 351 145
505 77 144
661 431 145
608 474 142
750 722 140
302 368 144
820 411 171
732 724 140
190 346 144
830 34 171
90 249 128
714 236 171
978 909 174
125 486 144
639 134 144
538 273 144
365 268 144
876 796 179
479 459 129
179 248 128
900 409 179
664 346 145
825 408 171
585 365 142
814 725 153
534 963 179
138 749 171
564 968 179
299 69 128
804 19 171
801 116 171
26 838 171
161 775 171
45 918 179
216 386 144
675 757 171
856 168 171
519 435 142
82 45 116
490 163 144
881 495 179
750 160 171
527 63 144
957 391 179
828 393 171
857 144 171
230 286 128
284 455 144
268 793 171
897 782 179
295 763 171
357 44 144
690 389 145
221 695 145
323 469 144
859 215 171
990 983 143
543 549 137
822 994 179
118 335 144
436 765 171
440 338 134
615 432 142
653 785 171
317 38 131
593 252 144
658 7 145
392 389 121
657 151 145
526 919 179
339 636 142
9 952 179
238 477 144
799 102 171
366 706 171
967 637 179
341 233 144
751 460 171
158 261 128
833 361 171
640 887 179
449 699 145
238 806 171
762 322 171
194 188 120
412 534 142
42 523 144
176 293 128
777 983 179
887 191 179
929 115 179
102 836 171
209 114 125
839 659 171
21 914 179
959 317 179
275 545 144
569 539 137
948 594 179
284 813 171
172 628 144
565 870 171
164 591 144
347 102 144
440 173 144
854 253 171
541 959 179
779 34 171
473 453 129
792 305 171
189 698 145
783 943 179
455 757 171
719 557 171
344 978 179
199 175 120
539 415 142
811 695 171
1 294 128
999 536 179
638 720 171
812 316 171
356 864 171
14 779 171
827 485 171
30 783 171
428 973 179
347 810 171
389 308 144
703 412 171
361 372 95
152 288 128
118 936 179
100 26 119
67 194 125
497 938 179
241 151 128
708 648 171
493 444 142
445 855 171
408 145 144
236 204 128
537 218 144
256 457 144
866 402 171
848 225 171
78 958 179
227 648 144
117 259 128
931 636 179
553 537 137
121 757 171
429 725 171
994 279 179
822 782 135
636 64 144
770 539 171
880 529 179
181 501 144
252 991 179
821 571 171
808 652 171
34 623 144
479 257 144
851 770 153
122 929 179
249 108 128
203 674 145
135 128 122
859 581 171
828 46 171
343 25 144
835 728 153
742 380 171
552 445 142
999 926 174
405 884 179
653 280 145
239 955 179
711 454 171
825 591 171
48 615 144
755 689 171
367 139 144
440 905 179
51 969 179
679 293 145
640 295 144
117 245 128
606 231 144
925 881 148
45 995 179
486 244 144
931 201 179
261 588 144
259 604 144
715 678 171
180 571 144
348 699 145
580 128 144
540 249 144
650 216 145
713 639 171
327 419 144
32 967 179
910 52 179
676 181 145
399 123 144
38 16 112
333 465 134
36 26 112
741 72 171
438 362 134
358 612 142
20 494 144
414 920 179
944 154 179
300 327 144
749 420 171
450 868 171
348 264 144
524 138 144
665 691 145
953 277 179
338 152 144
997 611 179
792 9 171
41 699 145
199 565 144
890 125 179
954 771 179
706 891 179
368 62 144
581 26 144
383 676 145
966 864 179
819 960 179
248 495 144
691 29 145
927 11 179
181 814 171
242 895 179
148 911 179
319 714 171
858 711 153
696 858 171
473 726 171
380 88 144
89 209 125
542 431 142
559 489 142
39 446 144
87 744 171
63 474 144
283 966 179
306 182 128
308 421 144
897 698 179
871 57 179
218 450 144
759 400 171
621 922 179
684 31 145
29 295 128
88 265 128
917 675 179
777 269 171
750 282 171
667 849 171
785 894 179
503 66 144
80 76 36
798 683 171
576 948 179
386 161 144
282 446 144
465 350 134
196 218 120
306 10 128
156 514 144
833 16 171
741 101 171
209 977 179
732 764 153
111 574 144
288 673 145
814 393 171
81 119 119
974 579 179
777 264 171
505 812 171
823 973 179
76 550 144
840 225 171
993 191 179
883 116 179
175 50 125
600 715 171
626 605 132
417 482 134
317 53 131
257 357 144
537 340 142
8 641 144
321 993 179
329 130 144
587 208 144
67 16 113
64 327 144
71 795 171
330 576 142
865 953 179
394 706 171
485 415 134
136 242 128
280 987 179
94 476 144
861 747 153
924 667 179
253 61 128
703 328 171
561 119 144
603 549 137
6 811 171
451 338 134
219 616 144
413 258 144
556 140 144
502 715 171
841 11 171
796 343 171
903 838 179
36 881 179
353 831 171
237 649 145
5 399 144
98 80 119
757 441 171
947 701 179
787 928 179
170 257 128
309 344 144
920 887 148
776 619 171
715 355 171
133 591 144
527 725 171
133 867 171
859 926 179
590 113 144
102 907 179
847 363 171
506 965 179
9 598 144
199 141 125
101 169 122
841 494 171
814 33 171
8 370 144
530 502 124
375 167 144
84 822 171
745 221 171
641 314 144
880 751 179
599 94 144
461 760 171
4 124 119
608 793 171
224 563 144
811 312 171
869 363 171
87 6 116
924 109 179
830 672 171
325 705 171
524 95 144
317 700 145
757 513 171
532 643 137
118 513 144
575 242 144
493 959 179
583 339 142
607 380 142
962 679 179
464 420 129
8 406 144
935 907 130
352 321 144
547 482 142
48 593 144
205 496 144
988 366 179
891 833 179
15 867 171
382 726 171
556 655 145
739 625 171
788 476 171
451 614 142
531 35 144
188 164 125
749 508 171
76 358 144
787 902 179
530 135 144
200 231 128
726 191 171
959 720 179
975 984 143
64 235 128
227 416 144
183 61 125
67 360 144
674 356 145
525 237 144
497 25 144
371 513 142
301 883 179
68 77 116
923 575 179
27 983 179
123 218 125
908 529 179
477 908 179
487 594 142
553 519 137
369 841 171
5 310 128
671 115 145
751 825 153
702 227 145
8 311 128
483 325 144
838 346 171
352 864 171
465 794 171
50 100 119
91 857 171
540 559 137
876 987 174
831 224 171
693 202 145
688 670 127
918 320 179
691 989 179
258 450 144
540 738 171
770 363 171
191 82 125
837 877 179
308 288 118
682 910 179
61 973 179
975 279 179
746 83 171
312 563 144
527 113 144
161 68 122
143 148 117
963 284 179
542 699 145
135 709 171
740 954 179
927 88 179
206 459 144
971 782 179
945 802 179
485 68 144
276 631 144
607 969 179
924 285 179
292 678 145
614 819 171
931 118 179
217 512 144
169 115 122
773 736 153
918 131 179
817 776 135
506 943 179
864 338 171
790 545 171
565 926 179
182 744 171
209 85 125
208 137 125
254 869 171
608 968 179
112 127 109
415 255 144
476 618 142
69 996 179
263 454 144
915 134 179
133 702 145
203 326 131
422 793 171
539 765 171
196 71 125
465 911 179
165 852 171
426 347 134
339 785 171
706 432 171
133 487 144
276 204 128
959 303 179
167 63 122
668 307 145
169 738 171
951 977 143
113 214 125
194 184 120
266 783 171
130 916 179
480 712 171
702 232 145
647 131 144
622 732 171
354 48 144
511 3 144
536 67 144
215 149 125
446 564 142
334 255 144
461 635 142
7 512 144
74 777 171
911 169 179
992 443 179
421 57 144
210 249 128
282 761 171
477 835 171
468 888 179
660 158 145
763 851 153
187 577 144
773 909 179
237 494 144
918 91 179
922 353 179
861 164 171
357 421 134
477 548 142
93 186 125
281 898 179
484 397 134
12 813 171
927 739 179
191 44 125
168 700 145
546 654 145
896 141 179
657 868 171
305 577 144
292 996 179
195 135 125
636 451 142
863 540 171
975 87 179
399 658 145
193 955 179
272 305 118
499 571 137
647 613 132
275 92 128
336 175 144
684 878 179
920 906 130
71 27 113
575 584 119
60 50 113
63 487 144
197 104 125
632 528 137
504 175 144
385 337 126
862 312 171
395 497 142
7 899 179
579 34 144
431 20 144
528 794 171
833 142 171
418 879 179
366 991 179
409 82 144
375 906 179
761 642 171
452 944 179
931 914 130
46 150 122
967 202 179
386 556 142
763 648 171
208 717 171
103 395 144
20 312 128
37 668 145
14 591 144
63 363 144
72 156 122
552 570 137
716 659 171
128 556 144
869 55 171
197 831 171
576 608 119
615 840 171
104 119 114
596 657 145
620 928 179
73 355 144
593 266 144
92 796 171
887 491 179
569 518 137
818 498 171
308 344 144
920 895 130
189 256 128
469 794 171
19 237 128
467 60 144
436 11 144
95 521 144
156 416 144
426 441 116
934 433 179
88 547 144
222 359 144
103 293 128
227 724 171
602 512 137
743 607 171
879 972 174
981 567 179
297 19 128
536 652 145
8 427 144
837 572 171
846 797 135
751 477 171
395 17 144
496 695 145
983 61 179
395 889 179
239 812 171
219 501 144
210 78 125
68 938 179
778 573 171
499 390 142
585 937 179
134 832 171
155 755 171
650 287 145
732 74 171
892 591 179
624 130 144
933 627 179
493 885 179
591 411 142
885 933 148
540 910 179
155 762 171
37 682 145
493 396 142
142 365 144
359 573 142
350 406 126
156 934 179
413 702 145
666 972 179
322 244 131
420 452 116
121 783 171
273 976 179
53 112 119
457 165 144
343 130 144
46 101 119
136 962 179
437 40 144
144 363 144
182 153 125
460 96 144
217 396 144
404 640 142
349 468 134
548 761 171
380 345 126
248 151 128
242 510 144
646 348 142
631 195 144
487 221 144
5 86 116
439 944 179
717 317 171
189 546 144
533 927 179
34 182 125
681 942 179
772 600 171
430 277 144
81 917 179
624 720 171
818 531 171
834 77 171
341 130 144
78 992 179
455 574 142
755 185 171
571 323 144
310 545 144
769 523 171
857 318 171
994 446 179
