13 90 116
8 35 112
50 60 113
121 97 119
86 2 116
174 14 125
49 99 119
18 37 112
156 93 122
191 50 125
65 20 113
14 75 116
178 77 125
183 11 125
105 9 119
182 8 125
102 41 119
25 46 112
12 20 21
10 65 113
90 93 93
147 27 122
6 67 113
6 11 20
8 55 113
85 45 116
33 92 116
33 93 116
166 87 122
103 62 119
103 80 119
141 30 122
37 84 116
25 79 116
150 25 122
167 51 122
16 57 113
78 26 116
87 61 116
54 11 113
37 35 22
19 16 21
134 78 122
24 56 113
200 33 125
60 42 113
193 20 125
18 66 113
190 16 125
89 89 31
197 96 125
38 11 112
37 69 113
173 8 125
79 65 116
111 89 119
75 42 116
173 6 125
191 12 125
193 50 125
91 95 106
73 75 116
111 77 119
108 2 119
128 46 119
66 100 119
192 46 125
17 11 18
141 21 122
125 15 119
196 39 125
11 62 113
93 100 119
179 100 125
32 77 116
4 72 113
68 1 113
41 61 113
29 12 112
51 1 112
190 70 125
173 40 125
138 38 122
69 97 119
66 38 113
151 60 122
16 97 119
144 65 122
110 29 119
115 100 114
194 13 125
151 10 122
97 31 119
164 44 122
57 44 113
31 12 112
194 92 125
18 63 113
85 22 116
153 69 122
121 74 119
156 84 122
48 27 112
39 42 110
147 59 122
101 47 119
182 30 125
129 88 122
76 97 119
169 10 122
113 75 119
143 33 122
160 14 122
184 77 125
168 51 122
144 13 122
37 68 113
61 38 113
190 59 125
19 47 112
153 66 122
135 7 122
92 58 116
115 92 119
172 37 125
176 77 125
54 5 113
35 77 116
95 32 116
191 63 125
41 36 110
5 61 113
115 44 119
142 89 122
16 8 20
116 47 119
134 49 122
22 63 113
105 41 119
172 42 125
165 65 122
198 82 125
139 67 122
78 2 116
155 100 122
5 48 112
148 87 122
36 13 112
122 26 119
44 68 113
44 62 113
44 20 112
35 62 113
28 81 116
123 50 119
187 32 125
200 62 125
47 56 113
129 1 122
1 60 113
96 91 106
176 66 125
91 81 111
58 80 116
126 100 114
137 40 122
72 86 116
48 87 116
70 2 113
148 61 122
119 34 119
190 88 125
100 75 119
104 70 119
8 60 113
113 19 119
97 89 119
19 79 116
165 44 122
111 61 119
10 1 20
62 61 108
157 27 122
148 13 122
2 94 116
11 98 119
69 91 116
115 64 119
85 7 116
100 92 119
88 23 116
43 6 112
161 20 122
141 34 122
116 45 119
108 97 119
130 3 122
156 70 122
29 41 110
4 12 20
90 91 93
37 27 112
188 62 125
171 37 125
54 7 113
69 56 108
5 35 112
171 64 125
67 59 108
25 65 113
9 25 24
13 100 119
29 69 113
111 11 119
19 28 112
105 59 119
11 100 119
157 98 122
114 8 119
8 23 21
140 21 122
153 20 122
169 82 122
96 96 13
162 47 122
29 42 110
16 8 20
79 86 111
85 48 116
158 89 122
105 71 119
98 2 119
40 2 112
84 57 116
154 100 122
40 90 116
84 38 116
11 39 112
87 71 116
135 30 122
55 20 113
146 64 122
64 5 113
118 37 119
15 39 112
4 65 113
61 9 113
10 4 20
32 91 116
6 38 112
26 56 113
37 17 112
8 55 113
146 79 122
131 11 122
190 36 125
63 39 113
190 65 125
192 9 125
23 88 116
124 63 119
38 3 112
142 22 122
108 93 119
136 72 122
187 42 125
95 49 116
26 38 112
158 85 122
6 85 116
58 20 113
121 86 119
14 53 112
38 52 110
120 63 119
30 98 119
38 86 116
12 78 116
118 8 119
195 34 125
125 35 119
97 2 119
98 7 119
35 17 112
178 57 125
155 14 122
180 100 125
159 51 122
104 91 119
182 84 125
193 15 125
110 10 119
59 63 108
184 61 125
105 87 119
156 52 122
189 39 125
101 42 119
148 28 122
78 82 111
199 15 125
128 35 119
164 99 122
179 18 125
152 54 122
23 52 112
119 26 119
109 88 119
170 46 122
26 24 24
165 76 122
142 16 122
164 24 122
155 58 122
111 68 119
56 96 116
6 30 112
40 9 112
151 85 122
114 45 119
63 79 116
97 66 119
8 10 20
55 85 116
198 35 125
20 82 116
24 60 113
181 49 125
20 83 116
65 14 113
85 44 116
33 8 112
65 14 113
197 72 125
93 69 116
13 91 116
112 69 119
174 52 125
157 8 122
44 24 112
8 9 20
91 95 106
9 23 21
74 3 116
182 18 125
35 66 113
68 3 113
10 52 112
91 59 116
2 29 112
127 20 119
172 3 125
42 43 30
86 3 116
161 97 122
69 94 116
13 85 116
189 57 125
36 88 116
40 95 116
141 39 122
193 37 125
88 9 116
161 45 122
127 61 119
53 34 110
43 11 112
173 29 125
184 33 125
98 48 119
8 69 113
104 54 119
47 15 112
97 77 119
9 39 112
98 31 119
184 97 125
56 72 108
100 39 119
144 12 122
46 62 113
65 87 116
139 78 122
78 44 116
134 50 122
161 38 122
179 34 125
149 87 122
23 30 112
27 98 119
65 61 108
1 1 1
158 42 122
110 69 119
100 85 119
75 48 116
132 76 122
6 42 112
98 20 119
107 17 119
109 64 119
151 27 122
71 32 113
146 28 122
127 89 119
42 31 110
84 61 116
57 52 113
22 85 116
182 42 125
174 54 125
184 61 125
27 56 113
19 75 116
132 1 122
96 26 116
116 94 119
6 21 21
145 64 122
84 41 116
26 5 24
35 62 113
74 2 116
141 100 122
168 59 122
31 80 116
32 68 113
152 30 122
27 53 112
104 96 119
127 31 119
12 48 112
36 67 113
55 67 113
43 91 116
97 53 119
191 51 125
194 59 125
23 42 112
146 43 122
199 16 125
68 58 108
42 74 116
195 55 125
150 100 122
29 36 107
59 25 113
141 81 122
79 69 116
66 85 116
151 18 122
3 67 113
170 19 122
153 6 122
13 37 112
42 59 113
119 29 119
109 60 119
145 6 122
47 100 119
92 20 116
24 17 21
93 19 116
173 62 125
56 76 116
199 52 125
29 24 112
59 82 116
105 67 119
74 57 116
193 83 125
182 71 125
92 31 116
113 57 119
19 35 112
8 70 113
112 40 119
8 72 113
181 36 125
104 63 119
172 93 125
177 65 125
12 23 21
190 49 125
81 8 116
147 50 122
153 31 122
54 25 113
199 35 125
146 62 122
193 9 125
142 51 122
155 27 122
43 95 116
196 98 125
186 88 125
36 86 116
173 57 125
115 81 119
79 98 119
158 13 122
139 27 122
142 83 122
28 12 112
32 64 113
184 53 125
39 16 112
89 18 116
166 24 122
160 85 122
55 94 116
54 70 113
118 38 119
69 23 113
101 6 119
53 93 116
61 79 116
40 75 116
89 99 119
26 62 113
88 86 31
88 70 116
112 66 119
33 77 116
17 90 116
131 58 122
168 50 122
42 35 110
176 68 125
21 59 113
31 45 110
80 64 116
184 100 125
124 84 119
130 7 122
99 22 119
118 28 119
177 61 125
176 72 125
200 31 125
141 32 122
103 100 88
81 100 119
164 23 122
142 43 122
74 26 116
107 99 101
51 92 116
149 61 122
118 65 119
70 93 116
92 27 116
11 90 116
185 83 125
78 87 111
27 77 116
24 94 116
19 43 112
71 21 113
99 50 119
113 88 119
84 4 116
39 38 35
169 31 122
104 77 119
100 90 119
193 85 125
157 45 122
7 32 112
171 71 125
31 23 112
169 20 122
159 2 122
192 57 125
5 67 113
44 6 112
18 48 112
70 95 116
5 2 8
121 51 119
85 56 116
199 82 125
85 77 111
62 69 108
153 49 122
86 18 116
128 73 119
25 82 116
121 9 119
193 33 125
16 52 112
151 47 122
182 88 125
74 65 116
29 67 113
4 65 113
24 74 116
48 90 116
191 81 125
25 26 24
87 13 116
148 12 122
122 2 119
97 50 119
150 58 122
199 12 125
168 67 122
87 30 116
26 23 24
158 25 122
125 31 119
117 96 119
79 65 116
127 53 119
9 2 20
145 56 122
177 11 125
34 89 116
154 28 122
91 59 116
7 61 113
166 17 122
111 11 119
111 49 119
153 90 122
57 5 113
146 39 122
94 41 116
2 51 112
15 61 113
196 64 125
116 32 119
12 98 119
177 47 125
171 11 125
3 65 113
124 4 119
198 24 125
123 91 119
4 31 112
46 33 110
168 38 122
182 98 125
17 80 116
165 21 122
62 49 113
149 74 122
53 66 113
78 31 116
47 25 112
146 43 122
56 15 113
75 72 116
9 67 113
150 95 122
117 9 119
110 50 119
49 8 112
24 12 21
65 64 28
192 95 125
45 30 110
139 80 122
27 90 116
153 6 122
196 81 125
158 46 122
73 4 116
37 73 116
3 85 116
106 73 119
121 5 119
200 69 125
63 75 116
87 18 116
56 1 113
158 72 122
152 94 122
133 28 122
117 56 119
57 24 113
8 89 116
37 81 116
143 9 122
185 57 125
171 96 125
167 86 122
77 36 116
28 4 112
148 9 122
146 81 122
116 55 119
80 96 111
102 35 119
189 50 125
102 94 119
48 48 12
91 14 116
182 3 125
51 43 105
134 75 122
159 24 122
49 27 112
170 55 122
72 45 113
9 46 112
182 96 125
79 26 116
83 83 111
95 11 116
19 7 21
31 64 113
150 2 122
200 55 125
21 9 21
48 18 112
124 12 119
86 60 116
29 87 116
69 82 116
16 76 116
86 98 119
74 20 116
130 4 122
161 37 122
160 11 122
169 70 122
153 45 122
152 59 122
102 31 119
41 20 112
60 87 116
130 42 122
129 55 122
142 37 122
200 66 125
167 91 122
134 50 122
80 98 119
88 98 119
152 2 122
191 51 125
58 37 113
50 39 110
65 5 113
60 58 33
33 64 113
74 56 116
5 15 20
152 22 122
54 48 113
82 45 116
7 26 24
166 50 122
99 44 119
88 32 116
153 6 122
128 62 119
115 74 119
64 16 113
74 50 116
135 61 122
45 97 119
15 73 116
137 46 122
20 42 112
126 24 119
101 14 119
149 79 122
43 50 105
165 72 122
44 43 30
40 68 113
135 94 122
151 54 122
61 29 113
189 61 125
73 48 116
176 17 125
77 40 116
172 10 125
111 93 119
57 100 119
78 30 116
171 60 125
47 97 119
124 17 119
200 65 125
124 13 119
90 56 116
142 7 122
181 81 125
122 42 119
145 96 122
65 50 113
32 31 107
97 91 119
143 83 122
38 24 112
107 19 119
59 81 116
118 85 119
150 60 122
3 54 113
108 37 119
107 57 119
10 93 116
35 99 119
28 87 116
45 52 105
126 68 119
27 32 112
51 78 116
8 16 20
82 46 116
170 85 122
10 24 21
63 9 113
156 88 122
194 26 125
93 8 116
74 100 119
139 28 122
130 20 122
173 85 125
95 17 116
75 25 116
23 81 116
14 90 116
82 88 111
97 27 119
102 81 119
181 95 125
55 41 113
137 60 122
133 50 122
149 10 122
65 93 116
146 81 122
46 28 110
74 98 119
198 18 125
155 76 122
44 24 112
146 55 122
91 59 116
66 75 116
133 17 122
59 71 108
190 36 125
68 50 113
131 53 122
135 59 122
132 10 122
31 94 116
164 77 122
185 17 125
91 59 116
51 76 116
55 80 116
99 56 119
124 73 119
17 51 112
126 30 119
125 87 119
199 86 125
129 53 122
75 37 116
88 31 116
155 38 122
132 19 122
150 86 122
26 61 113
122 96 119
79 2 116
149 64 122
77 100 119
98 3 119
22 59 113
140 69 122
65 31 113
197 75 125
140 70 122
194 6 125
75 55 116
195 42 125
172 46 125
16 63 113
177 7 125
175 47 125
185 44 125
114 26 119
12 59 113
138 71 122
29 98 119
61 30 113
116 63 119
1 51 112
182 44 125
143 34 122
79 63 116
118 14 119
11 38 112
145 46 122
62 58 108
74 44 116
170 53 122
69 39 113
162 12 122
116 86 119
102 23 119
137 8 122
70 47 113
21 3 21
69 12 113
113 26 119
7 21 21
102 74 119
25 69 113
128 34 119
169 26 122
13 39 112
116 57 119
16 12 18
151 82 122
173 83 125
114 37 119
150 12 122
19 92 116
91 87 93
111 36 119
3 48 112
148 36 122
81 59 116
144 80 122
164 21 122
48 95 116
69 11 113
160 90 122
11 65 113
47 26 112
70 81 116
145 70 122
81 74 36
73 93 116
32 64 113
5 48 112
190 24 125
54 96 116
62 60 108
187 63 125
58 48 113
61 46 113
15 72 113
55 23 113
178 39 125
156 70 122
32 25 112
97 49 119
100 85 119
31 34 107
190 50 125
140 59 122
99 9 119
87 60 116
46 44 17
76 58 116
186 14 125
22 92 116
143 70 122
160 46 122
40 77 116
56 4 113
19 21 21
92 5 116
125 4 119
8 75 116
45 89 116
198 94 125
76 44 116
114 70 119
78 81 36
102 44 119
166 66 122
151 29 122
87 8 116
23 49 112
195 72 125
39 60 113
174 77 125
197 33 125
40 43 110
68 13 113
49 45 105
147 3 122
50 13 112
72 61 108
133 54 122
79 63 116
104 6 119
