13 90 116
8 35 112
50 60 113
121 97 119
86 2 116
174 14 125
49 99 119
18 37 112
156 93 122
191 50 125
65 20 113
14 75 116
178 77 125
183 11 125
105 9 119
182 8 125
102 41 119
25 46 112
12 20 21
10 65 113
90 93 93
147 27 122
6 67 113
6 11 20
8 55 113
85 45 116
33 92 116
33 93 116
166 87 122
103 62 119
103 80 119
141 30 122
37 84 116
25 79 116
150 25 122
167 51 122
16 57 113
78 26 116
87 61 116
54 11 113
37 35 22
19 16 21
134 78 122
24 56 113
200 33 125
60 42 113
193 20 125
18 66 113
190 16 125
89 89 31
197 96 125
38 11 112
37 69 113
173 8 125
79 65 116
111 89 119
75 42 116
173 6 125
191 12 125
193 50 125
91 95 106
73 75 116
111 77 119
108 2 119
128 46 119
66 100 119
192 46 125
17 11 18
141 21 122
125 15 119
196 39 125
11 62 113
93 100 119
179 100 125
32 77 116
4 72 113
68 1 113
41 61 113
29 12 112
51 1 112
190 70 125
173 40 125
138 38 122
69 97 119
66 38 113
151 60 122
16 97 119
144 65 122
110 29 119
115 100 114
194 13 125
151 10 122
97 31 119
164 44 122
57 44 113
31 12 112
194 92 125
18 63 113
85 22 116
153 69 122
121 74 119
156 84 122
48 27 112
39 42 110
147 59 122
101 47 119
182 30 125
129 88 122
76 97 119
169 10 122
113 75 119
143 33 122
160 14 122
184 77 125
168 51 122
144 13 122
37 68 113
61 38 113
190 59 125
19 47 112
153 66 122
135 7 122
92 58 116
115 92 119
172 37 125
176 77 125
54 5 113
35 77 116
95 32 116
191 63 125
41 36 110
5 61 113
115 44 119
142 89 122
16 8 20
116 47 119
134 49 122
22 63 113
105 41 119
172 42 125
165 65 122
198 82 125
139 67 122
78 2 116
155 100 122
5 48 112
148 87 122
36 13 112
122 26 119
44 68 113
44 62 113
44 20 112
35 62 113
28 81 116
123 50 119
187 32 125
200 62 125
47 56 113
129 1 122
1 60 113
96 91 106
176 66 125
91 81 111
58 80 116
126 100 114
137 40 122
72 86 116
48 87 116
70 2 113
148 61 122
119 34 119
190 88 125
100 75 119
104 70 119
8 60 113
113 19 119
97 89 119
19 79 116
165 44 122
111 61 119
10 1 20
62 61 108
157 27 122
148 13 122
2 94 116
11 98 119
69 91 116
115 64 119
85 7 116
100 92 119
88 23 116
43 6 112
161 20 122
141 34 122
116 45 119
108 97 119
130 3 122
156 70 122
29 41 110
4 12 20
90 91 93
37 27 112
188 62 125
171 37 125
54 7 113
69 56 108
5 35 112
171 64 125
67 59 108
25 65 113
9 25 24
13 100 119
29 69 113
111 11 119
19 28 112
105 59 119
11 100 119
157 98 122
114 8 119
8 23 21
140 21 122
153 20 122
169 82 122
96 96 13
162 47 122
29 42 110
16 8 20
79 86 111
85 48 116
158 89 122
105 71 119
98 2 119
40 2 112
84 57 116
154 100 122
40 90 116
84 38 116
11 39 112
87 71 116
135 30 122
55 20 113
146 64 122
64 5 113
118 37 119
15 39 112
4 65 113
61 9 113
10 4 20
32 91 116
6 38 112
26 56 113
37 17 112
8 55 113
146 79 122
131 11 122
190 36 125
63 39 113
190 65 125
192 9 125
23 88 116
124 63 119
38 3 112
142 22 122
108 93 119
136 72 122
187 42 125
95 49 116
26 38 112
158 85 122
6 85 116
58 20 113
121 86 119
14 53 112
38 52 110
120 63 119
30 98 119
38 86 116
12 78 116
118 8 119
195 34 125
125 35 119
97 2 119
98 7 119
35 17 112
178 57 125
155 14 122
180 100 125
159 51 122
104 91 119
182 84 125
193 15 125
110 10 119
59 63 108
184 61 125
105 87 119
156 52 122
189 39 125
101 42 119
148 28 122
78 82 111
199 15 125
128 35 119
164 99 122
179 18 125
152 54 122
23 52 112
119 26 119
109 88 119
170 46 122
26 24 24
165 76 122
142 16 122
164 24 122
155 58 122
111 68 119
56 96 116
6 30 112
40 9 112
151 85 122
114 45 119
63 79 116
97 66 119
8 10 20
55 85 116
198 35 125
20 82 116
24 60 113
181 49 125
20 83 116
65 14 113
85 44 116
33 8 112
65 14 113
197 72 125
93 69 116
13 91 116
112 69 119
174 52 125
157 8 122
44 24 112
8 9 20
91 95 106
9 23 21
74 3 116
182 18 125
35 66 113
68 3 113
10 52 112
91 59 116
2 29 112
127 20 119
172 3 125
42 43 30
86 3 116
161 97 122
69 94 116
13 85 116
189 57 125
36 88 116
40 95 116
141 39 122
193 37 125
88 9 116
161 45 122
127 61 119
53 34 110
43 11 112
173 29 125
184 33 125
98 48 119
8 69 113
104 54 119
47 15 112
97 77 119
9 39 112
98 31 119
184 97 125
56 72 108
100 39 119
144 12 122
46 62 113
65 87 116
139 78 122
78 44 116
134 50 122
161 38 122
179 34 125
149 87 122
23 30 112
27 98 119
65 61 108
